<?xml version="1.0" encoding="UTF-8"?>
<testsuite name="PhoneBookTest" tests="1" skipped="0" failures="0" errors="0" timestamp="2021-02-08T23:01:28" hostname="DESKTOP-AAG2RLD" time="41.556">
  <properties/>
  <testcase name="start" classname="PhoneBookTest" time="41.556"/>
  <system-out><![CDATA[?[1;31m
Start test 1?[0m
Start Searching...
Found 500 / 500 entries. Time taken: 0 min. 21 sec. 148 ms.
?[1;31m
Start test 2?[0m
Start Searching...
Found 500 / 500 entries. Time taken: 0 min. 20 sec. 56 ms.
]]></system-out>
  <system-err><![CDATA[]]></system-err>
</testsuite>
